<?xml version="1.0" encoding="UTF-8"?>
<!-- Generated by org.testng.reporters.JUnitXMLReporter -->
<testsuite ignored="5" hostname="Ganesh" failures="0" tests="3" name="Test" time="56.973" errors="0" timestamp="2022-08-22T13:54:05 IST">
  <testcase classname="TestCase.Test_Page_loginTest" name="verifyAppTitleTest" time="0.043"/>
  <testcase classname="TestCase.Test_Page_loginTest" name="VerifyZerodhaTitleTest" time="0.029"/>
  <testcase classname="TestCase.Holding_zerodha_pageTest" name="analyticsTest" time="4.296"/>
  <testcase classname="TestCase.Test_Page_loginTest" name="VerifyKiteLogoTest" time="0.0">
    <ignored/>
  </testcase> <!-- VerifyKiteLogoTest -->
  <testcase classname="TestCase.Holding_zerodha_pageTest" name="dropDownTest" time="0.0">
    <ignored/>
  </testcase> <!-- dropDownTest -->
  <testcase classname="TestCase.Holding_zerodha_pageTest" name="holding_iconTest" time="0.0">
    <ignored/>
  </testcase> <!-- holding_iconTest -->
  <testcase classname="TestCase.Test_Page_loginTest" name="signInTest" time="0.0">
    <ignored/>
  </testcase> <!-- signInTest -->
  <testcase classname="TestCase.Test_Page_loginTest" name="VerifyZerodhaLogoTest" time="0.0">
    <ignored/>
  </testcase> <!-- VerifyZerodhaLogoTest -->
</testsuite> <!-- Test -->
